Flow report for u16
Thu Dec 24 14:50:24 2015
Quartus II Version 9.1 Build 350 03/24/2010 Service Pack 2 SJ Full Version


---------------------
; Table of Contents ;
---------------------
  1. Legal Notice
  2. Flow Summary
  3. Flow Settings
  4. Flow Non-Default Global Settings
  5. Flow Elapsed Time
  6. Flow OS Summary
  7. Flow Log



----------------
; Legal Notice ;
----------------
Copyright (C) 1991-2010 Altera Corporation
Your use of Altera Corporation's design tools, logic functions 
and other software and tools, and its AMPP partner logic 
functions, and any output files from any of the foregoing 
(including device programming or simulation files), and any 
associated documentation or information are expressly subject 
to the terms and conditions of the Altera Program License 
Subscription Agreement, Altera MegaCore Function License 
Agreement, or other applicable license agreement, including, 
without limitation, that your use is for the sole purpose of 
programming logic devices manufactured by Altera and sold by 
Altera or its authorized distributors.  Please refer to the 
applicable agreement for further details.



+------------------------------------------------------------------------------------+
; Flow Summary                                                                       ;
+------------------------------------+-----------------------------------------------+
; Flow Status                        ; Successful - Thu Dec 24 14:50:11 2015         ;
; Quartus II Version                 ; 9.1 Build 350 03/24/2010 SP 2 SJ Full Version ;
; Revision Name                      ; u16                                           ;
; Top-level Entity Name              ; kotku                                         ;
; Family                             ; Cyclone III                                   ;
; Device                             ; EP3C25E144C8                                  ;
; Timing Models                      ; Final                                         ;
; Met timing requirements            ; N/A                                           ;
; Total logic elements               ; 14,096 / 24,624 ( 57 % )                      ;
;     Total combinational functions  ; 13,114 / 24,624 ( 53 % )                      ;
;     Dedicated logic registers      ; 3,685 / 24,624 ( 15 % )                       ;
; Total registers                    ; 3697                                          ;
; Total pins                         ; 63 / 83 ( 76 % )                              ;
; Total virtual pins                 ; 0                                             ;
; Total memory bits                  ; 184,499 / 608,256 ( 30 % )                    ;
; Embedded Multiplier 9-bit elements ; 2 / 132 ( 2 % )                               ;
; Total PLLs                         ; 1 / 4 ( 25 % )                                ;
+------------------------------------+-----------------------------------------------+


+-----------------------------------------+
; Flow Settings                           ;
+-------------------+---------------------+
; Option            ; Setting             ;
+-------------------+---------------------+
; Start date & time ; 12/24/2015 14:45:13 ;
; Main task         ; Compilation         ;
; Revision Name     ; u16                 ;
+-------------------+---------------------+


+------------------------------------------------------------------------------------------------------------------------------------------------------+
; Flow Non-Default Global Settings                                                                                                                     ;
+-----------------------------------------+-------------------------------------------------------------+---------------+-------------+----------------+
; Assignment Name                         ; Value                                                       ; Default Value ; Entity Name ; Section Id     ;
+-----------------------------------------+-------------------------------------------------------------+---------------+-------------+----------------+
; ADD_PASS_THROUGH_LOGIC_TO_INFERRED_RAMS ; Off                                                         ; On            ; --          ; --             ;
; COMPILER_SIGNATURE_ID                   ; 22930460124086.145095391305396                              ; --            ; --          ; --             ;
; EDA_OUTPUT_DATA_FORMAT                  ; None                                                        ; --            ; --          ; eda_simulation ;
; EDA_TIME_SCALE                          ; 1 ps                                                        ; --            ; --          ; eda_simulation ;
; ENABLE_CLOCK_LATENCY                    ; On                                                          ; Off           ; --          ; --             ;
; ENABLE_SIGNALTAP                        ; On                                                          ; --            ; --          ; --             ;
; MAX_CORE_JUNCTION_TEMP                  ; 85                                                          ; --            ; --          ; --             ;
; MIN_CORE_JUNCTION_TEMP                  ; 0                                                           ; --            ; --          ; --             ;
; MISC_FILE                               ; E:/PROJECT/FPGA/ReVerSE/U16/PROJECT/u16_zet/syn/u16.dpf     ; --            ; --          ; --             ;
; MISC_FILE                               ; E:/PROJECT/FPGA/ReVerSE/U16/PROJECT/u16_zet_vga/syn/u16.dpf ; --            ; --          ; --             ;
; NOMINAL_CORE_SUPPLY_VOLTAGE             ; 1.2V                                                        ; --            ; --          ; --             ;
; PARTITION_COLOR                         ; 16764057                                                    ; --            ; kotku       ; Top            ;
; PARTITION_FITTER_PRESERVATION_LEVEL     ; PLACEMENT                                                   ; --            ; kotku       ; Top            ;
; PARTITION_NETLIST_TYPE                  ; SOURCE                                                      ; --            ; kotku       ; Top            ;
; TOP_LEVEL_ENTITY                        ; kotku                                                       ; u16           ; --          ; --             ;
; USE_GENERATED_PHYSICAL_CONSTRAINTS      ; Off                                                         ; --            ; --          ; eda_blast_fpga ;
; USE_SIGNALTAP_FILE                      ; stp1.stp                                                    ; --            ; --          ; --             ;
+-----------------------------------------+-------------------------------------------------------------+---------------+-------------+----------------+


+-------------------------------------------------------------------------------------------------------------------------------+
; Flow Elapsed Time                                                                                                             ;
+---------------------------+--------------+-------------------------+---------------------+------------------------------------+
; Module Name               ; Elapsed Time ; Average Processors Used ; Peak Virtual Memory ; Total CPU Time (on all processors) ;
+---------------------------+--------------+-------------------------+---------------------+------------------------------------+
; Analysis & Synthesis      ; 00:03:09     ; 1.0                     ; 252 MB              ; 00:03:02                           ;
; Fitter                    ; 00:01:33     ; 3.1                     ; 433 MB              ; 00:02:08                           ;
; TimeQuest Timing Analyzer ; 00:00:19     ; 1.5                     ; 362 MB              ; 00:00:19                           ;
; Assembler                 ; 00:00:06     ; 1.0                     ; 218 MB              ; 00:00:03                           ;
; Total                     ; 00:05:01     ; --                      ; --                  ; 00:05:29                           ;
+---------------------------+--------------+-------------------------+---------------------+------------------------------------+


+-----------------------------------------------------------------------------------------+
; Flow OS Summary                                                                         ;
+---------------------------+------------------+------------+------------+----------------+
; Module Name               ; Machine Hostname ; OS Name    ; OS Version ; Processor type ;
+---------------------------+------------------+------------+------------+----------------+
; Analysis & Synthesis      ; LAVRENTYEV1      ; Windows XP ; 5.1        ; i686           ;
; Fitter                    ; LAVRENTYEV1      ; Windows XP ; 5.1        ; i686           ;
; Assembler                 ; LAVRENTYEV1      ; Windows XP ; 5.1        ; i686           ;
; TimeQuest Timing Analyzer ; LAVRENTYEV1      ; Windows XP ; 5.1        ; i686           ;
+---------------------------+------------------+------------+------------+----------------+


------------
; Flow Log ;
------------
quartus_map --read_settings_files=on --write_settings_files=off u16 -c u16
quartus_fit --read_settings_files=off --write_settings_files=off u16 -c u16
quartus_asm --read_settings_files=off --write_settings_files=off u16 -c u16
quartus_sta u16 -c u16



